<?xml version="1.0" encoding="utf-8"?><testsuites name="pytest tests"><testsuite name="pytest" errors="0" failures="0" skipped="0" tests="17" time="129.968" timestamp="2026-05-30T20:09:18.449066+00:00" hostname="agent-env-3c0851b0-987a-4f43-ac36-41d5f407d574"><testcase classname="tests.test_cortex_iter19_campaigns.TestListCampaigns" name="test_list_returns_campaigns" time="0.155" /><testcase classname="tests.test_cortex_iter19_campaigns.TestListCampaigns" name="test_list_is_newest_first" time="0.000" /><testcase classname="tests.test_cortex_iter19_campaigns.TestListCampaigns" name="test_list_limit_respected" time="0.048" /><testcase classname="tests.test_cortex_iter19_campaigns.TestListCampaigns" name="test_list_status_filter" time="0.072" /><testcase classname="tests.test_cortex_iter19_campaigns.TestListCampaigns" name="test_list_excludes_mongo_id" time="0.000" /><testcase classname="tests.test_cortex_iter19_campaigns.TestGetCampaign" name="test_get_full_hydration" time="0.056" /><testcase classname="tests.test_cortex_iter19_campaigns.TestGetCampaign" name="test_pipeline_steps_complete" time="0.057" /><testcase classname="tests.test_cortex_iter19_campaigns.TestGetCampaign" name="test_posts_shape" time="0.049" /><testcase classname="tests.test_cortex_iter19_campaigns.TestGetCampaign" name="test_emails_shape" time="0.045" /><testcase classname="tests.test_cortex_iter19_campaigns.TestGetCampaign" name="test_landing_page_shape" time="0.071" /><testcase classname="tests.test_cortex_iter19_campaigns.TestGetCampaign" name="test_creatives_with_fallback" time="0.049" /><testcase classname="tests.test_cortex_iter19_campaigns.TestCreateAndDelete" name="test_create_returns_building_then_delete" time="128.839" /><testcase classname="tests.test_cortex_iter19_campaigns.TestErrors" name="test_brief_not_found" time="0.046" /><testcase classname="tests.test_cortex_iter19_campaigns.TestErrors" name="test_campaign_not_found" time="0.047" /><testcase classname="tests.test_cortex_iter19_campaigns.TestErrors" name="test_delete_not_found" time="0.050" /><testcase classname="tests.test_cortex_iter19_campaigns.TestErrors" name="test_unauthenticated" time="0.228" /><testcase classname="tests.test_cortex_iter19_campaigns.TestErrors" name="test_cross_user_isolation" time="0.112" /></testsuite></testsuites>