<?xml version="1.0" encoding="utf-8"?><testsuites name="pytest tests"><testsuite name="pytest" errors="0" failures="1" skipped="0" tests="21" time="107.699" timestamp="2026-05-30T16:37:01.382757+00:00" hostname="agent-env-3c0851b0-987a-4f43-ac36-41d5f407d574"><testcase classname="tests.test_cortex_iter24.TestActionFirstRouting" name="test_show_leads_routes_to_action" time="1.999" /><testcase classname="tests.test_cortex_iter24.TestActionFirstRouting" name="test_show_opportunities_routes_to_action" time="0.495" /><testcase classname="tests.test_cortex_iter24.TestActionFirstRouting" name="test_show_missions_routes_to_action" time="0.557" /><testcase classname="tests.test_cortex_iter24.TestDiscoveryBudget" name="test_after_2_discovery_rounds_forces_advance" time="16.321" /><testcase classname="tests.test_cortex_iter24.TestAnswerShortcuts" name="test_ambiguous_request_returns_shortcuts" time="7.921" /><testcase classname="tests.test_cortex_iter24.TestNoDiscoveryOnShowRequests" name="test_show_request_never_triggers_discovery" time="6.555" /><testcase classname="tests.test_cortex_iter24.TestAutoTriggerScans" name="test_scan_url_creates_real_analysis_job" time="1.567" /><testcase classname="tests.test_cortex_iter24.TestAutoTriggerScans" name="test_audit_my_site_prompts_for_url" time="0.475" /><testcase classname="tests.test_cortex_iter24.TestAutoTriggerScans" name="test_review_url_with_subdomain_works" time="0.700" /><testcase classname="tests.test_cortex_iter24.TestActionMatcher" name="test_matchers_directly" time="0.002" /><testcase classname="tests.test_cortex_iter24.TestActionMatcher" name="test_non_action_messages_return_none" time="0.000" /><testcase classname="tests.test_recommendation_bridge" name="test_bridge_synthesis_produces_all_required_fields" time="12.719"><failure message="AssertionError: unexpected source&#10;assert 'llm:claude' in ('llm', 'heuristic')">tests/test_recommendation_bridge.py:126: in test_bridge_synthesis_produces_all_required_fields
    assert r["source"] in ("llm", "heuristic"), "unexpected source"
E   AssertionError: unexpected source
E   assert 'llm:claude' in ('llm', 'heuristic')</failure></testcase><testcase classname="tests.test_recommendation_bridge" name="test_bridge_synthesis_is_idempotent" time="12.211" /><testcase classname="tests.test_recommendation_bridge" name="test_bridge_only_renders_when_job_completed" time="0.906" /><testcase classname="tests.test_recommendation_bridge" name="test_bridge_posts_chat_turn_with_kind_and_payload" time="12.749" /><testcase classname="tests.test_recommendation_bridge" name="test_heuristic_fallback_per_job_type" time="0.064" /><testcase classname="tests.test_recommendation_bridge" name="test_confidence_clamping" time="0.428" /><testcase classname="tests.test_recommendation_bridge_followups" name="test_optimize_via_bridge_non_seo_creates_l3_mission" time="10.264" /><testcase classname="tests.test_recommendation_bridge_followups" name="test_pushback_regenerate_replaces_bridge_with_pushback_stamped" time="20.736" /><testcase classname="tests.test_recommendation_bridge_followups" name="test_pushback_includes_user_text_in_llm_prompt" time="0.065" /><testcase classname="tests.test_recommendation_bridge_followups" name="test_list_bridges_endpoint_returns_user_bridges" time="0.903" /></testsuite></testsuites>