<?xml version="1.0" encoding="utf-8"?><testsuites name="pytest tests"><testsuite name="pytest" errors="0" failures="2" skipped="0" tests="7" time="157.273" timestamp="2026-05-30T16:44:40.574967+00:00" hostname="agent-env-3c0851b0-987a-4f43-ac36-41d5f407d574"><testcase classname="tests.test_cortex_iter26.TestActionFirstLeadsSummaryCard" name="test_show_me_leads_returns_action_with_summary_card" time="1.958" /><testcase classname="tests.test_cortex_iter26.TestActionFirstScanCreatesJob" name="test_scan_url_creates_real_seo_scan_row" time="1.723" /><testcase classname="tests.test_cortex_iter26.TestOptimizationApplyFlow" name="test_apply_recommendation_full_flow" time="0.332" /><testcase classname="tests.test_cortex_iter26.TestBridgeUsesClaude" name="test_bridge_source_is_llm_claude_when_available" time="10.731" /><testcase classname="tests.test_cortex_iter26.TestEndToEndBridgePosting" name="test_real_scan_produces_bridge_and_chat_turn" time="60.186"><failure message="AssertionError: The preview environment is not responding. It may be starting up.&#10;  &#10;assert 502 == 200&#10; +  where 502 = &lt;Response [502]&gt;.status_code">tests/test_cortex_iter26.py:238: in test_real_scan_produces_bridge_and_chat_turn
    assert seed.status_code == 200, seed.text
E   AssertionError: The preview environment is not responding. It may be starting up.
E     
E   assert 502 == 200
E    +  where 502 = &lt;Response [502]&gt;.status_code</failure></testcase><testcase classname="tests.test_cortex_iter26.TestListBridgesHTTP" name="test_list_endpoint_returns_user_bridges_newest_first" time="14.079" /><testcase classname="tests.test_cortex_iter26.TestDiscoveryBudgetCrossFeatureCompat" name="test_three_ambiguous_messages_advance_past_discovery" time="68.200"><failure message="assert 502 == 200&#10; +  where 502 = &lt;Response [502]&gt;.status_code">tests/test_cortex_iter26.py:349: in test_three_ambiguous_messages_advance_past_discovery
    assert r.status_code == 200
E   assert 502 == 200
E    +  where 502 = &lt;Response [502]&gt;.status_code</failure></testcase></testsuite></testsuites>