<?xml version="1.0" encoding="utf-8"?><testsuites name="pytest tests"><testsuite name="pytest" errors="0" failures="0" skipped="0" tests="16" time="13.123" timestamp="2026-05-30T21:21:34.157308+00:00" hostname="agent-env-3c0851b0-987a-4f43-ac36-41d5f407d574"><testcase classname="backend.tests.test_cortex_phase_d_single_push.TestSinglePushErrors" name="test_404_unknown_post" time="0.150" /><testcase classname="backend.tests.test_cortex_phase_d_single_push.TestSinglePushErrors" name="test_404_unknown_campaign" time="0.062" /><testcase classname="backend.tests.test_cortex_phase_d_single_push.TestSinglePushErrors" name="test_400_invalid_mode" time="0.051" /><testcase classname="backend.tests.test_cortex_phase_d_single_push.TestSinglePushErrors" name="test_400_scheduled_without_scheduled_at" time="0.052" /><testcase classname="backend.tests.test_cortex_phase_d_single_push.TestSinglePushErrors" name="test_422_non_pushable_platform" time="0.052" /><testcase classname="backend.tests.test_cortex_phase_d_single_push.TestSinglePushErrors" name="test_cross_user_isolation" time="0.111" /><testcase classname="backend.tests.test_cortex_phase_d_single_push.TestSinglePushErrors" name="test_409_incomplete_campaign" time="0.052" /><testcase classname="backend.tests.test_cortex_phase_d_single_push.TestSinglePushErrors" name="test_404_soft_deleted_campaign" time="0.051" /><testcase classname="backend.tests.test_cortex_phase_d_single_push.TestIdempotency" name="test_already_pushed_returns_already_pushed_flag" time="0.055" /><testcase classname="backend.tests.test_cortex_phase_d_single_push.TestFreshSinglePush" name="test_draft_fresh_push" time="0.060" /><testcase classname="backend.tests.test_cortex_phase_d_single_push.TestFreshSinglePush" name="test_draft_fresh_push_persists_posts_row" time="0.059" /><testcase classname="backend.tests.test_cortex_phase_d_single_push.TestFreshSinglePush" name="test_scheduled_fresh_push" time="0.053" /><testcase classname="backend.tests.test_cortex_phase_d_single_push.TestCreativeOverride" name="test_creative_override_uses_supplied_media" time="0.053" /><testcase classname="backend.tests.test_cortex_phase_d_single_push.TestConversationsEndpoint" name="test_list_returns_items" time="0.063" /><testcase classname="backend.tests.test_cortex_phase_d_single_push.TestConversationsEndpoint" name="test_create_new_conversation_and_persist_chat" time="12.002" /><testcase classname="backend.tests.test_cortex_phase_d_single_push.TestOptimizationApply" name="test_apply_qualification_bottleneck_and_idempotency" time="0.115" /></testsuite></testsuites>