<?xml version="1.0" encoding="utf-8"?><testsuites name="pytest tests"><testsuite name="pytest" errors="0" failures="1" skipped="0" tests="6" time="121.594" timestamp="2026-05-30T20:06:19.805202+00:00" hostname="agent-env-3c0851b0-987a-4f43-ac36-41d5f407d574"><testcase classname="tests.test_cortex_iter19_campaigns.TestCreateAndDelete" name="test_create_returns_building_then_delete" time="62.201"><failure message="AssertionError: DELETE failed: no response &#10;assert (&lt;Response [502]&gt; is not None and 502 == 200)&#10; +  where 502 = &lt;Response [502]&gt;.status_code">tests/test_cortex_iter19_campaigns.py:245: in test_create_returns_building_then_delete
    assert d is not None and d.status_code == 200, \
E   AssertionError: DELETE failed: no response 
E   assert (&lt;Response [502]&gt; is not None and 502 == 200)
E    +  where 502 = &lt;Response [502]&gt;.status_code</failure></testcase><testcase classname="tests.test_cortex_iter19_campaigns.TestErrors" name="test_brief_not_found" time="58.834" /><testcase classname="tests.test_cortex_iter19_campaigns.TestErrors" name="test_campaign_not_found" time="0.063" /><testcase classname="tests.test_cortex_iter19_campaigns.TestErrors" name="test_delete_not_found" time="0.053" /><testcase classname="tests.test_cortex_iter19_campaigns.TestErrors" name="test_unauthenticated" time="0.177" /><testcase classname="tests.test_cortex_iter19_campaigns.TestErrors" name="test_cross_user_isolation" time="0.202" /></testsuite></testsuites>