<?xml version="1.0" encoding="utf-8"?><testsuites name="pytest tests"><testsuite name="pytest" errors="0" failures="0" skipped="0" tests="8" time="23.083" timestamp="2026-05-30T06:13:02.451111+00:00" hostname="agent-env-3c0851b0-987a-4f43-ac36-41d5f407d574"><testcase classname="tests.test_cortex_iter18.TestConversationHistory" name="test_list_conversations_shape" time="0.163" /><testcase classname="tests.test_cortex_iter18.TestConversationHistory" name="test_legacy_bucket_returns_thread" time="8.549" /><testcase classname="tests.test_cortex_iter18.TestConversationHistory" name="test_new_conversation_mints_uuid" time="0.292" /><testcase classname="tests.test_cortex_iter18.TestConversationHistory" name="test_get_nonexistent_conversation_404" time="0.112" /><testcase classname="tests.test_cortex_iter18.TestChatPersistence" name="test_chat_post_persists_with_conversation_id" time="6.613" /><testcase classname="tests.test_cortex_iter18.TestChatPersistence" name="test_sse_stream_echoes_conversation_id_in_ready" time="6.468" /><testcase classname="tests.test_cortex_iter18.TestApplyOptimization" name="test_apply_invalid_finding_id_404" time="0.526" /><testcase classname="tests.test_cortex_iter18.TestApplyOptimization" name="test_apply_happy_path_and_idempotent" time="0.340" /></testsuite></testsuites>