<?xml version="1.0" encoding="utf-8"?><testsuites name="pytest tests"><testsuite name="pytest" errors="0" failures="0" skipped="0" tests="13" time="0.813" timestamp="2026-05-30T21:40:07.257150+00:00" hostname="agent-env-3c0851b0-987a-4f43-ac36-41d5f407d574"><testcase classname="backend.tests.test_cortex_optimal_times.TestOptimalTimesMode" name="test_returns_200_with_pushed_and_skipped" time="0.208" /><testcase classname="backend.tests.test_cortex_optimal_times.TestOptimalTimesMode" name="test_every_pushed_entry_is_scheduled" time="0.000" /><testcase classname="backend.tests.test_cortex_optimal_times.TestOptimalTimesMode" name="test_google_ads_skipped_as_not_pushable" time="0.000" /><testcase classname="backend.tests.test_cortex_optimal_times.TestOptimalTimesMode" name="test_round_robin_unique_within_platform" time="0.000" /><testcase classname="backend.tests.test_cortex_optimal_times.TestOptimalTimesMode" name="test_global_slot_dedup_across_platforms" time="0.000" /><testcase classname="backend.tests.test_cortex_optimal_times.TestOptimalTimesMode" name="test_slots_adhere_to_OPTIMAL_BASE_per_platform" time="0.000" /><testcase classname="backend.tests.test_cortex_optimal_times.TestOptimalTimesMode" name="test_idempotency_already_pushed" time="0.070" /><testcase classname="backend.tests.test_cortex_optimal_times.TestModeDraftRegression" name="test_draft_mode_has_no_scheduled_at" time="0.085" /><testcase classname="backend.tests.test_cortex_optimal_times.TestModeScheduledRegression" name="test_scheduled_mode_spreads_by_cadence" time="0.086" /><testcase classname="backend.tests.test_cortex_optimal_times.TestErrorPaths" name="test_invalid_mode_returns_400" time="0.063" /><testcase classname="backend.tests.test_cortex_optimal_times.TestErrorPaths" name="test_optimal_times_does_not_require_start_at" time="0.071" /><testcase classname="backend.tests.test_cortex_optimal_times.TestSinglePostPushRegression" name="test_single_push_invalid_mode_returns_400" time="0.068" /><testcase classname="backend.tests.test_cortex_optimal_times.TestSinglePostPushRegression" name="test_single_push_scheduled_requires_scheduled_at" time="0.056" /></testsuite></testsuites>