<?xml version="1.0" encoding="utf-8"?><testsuites name="pytest tests"><testsuite name="pytest" errors="0" failures="0" skipped="0" tests="12" time="16.333" timestamp="2026-05-30T04:58:19.639388+00:00" hostname="agent-env-3c0851b0-987a-4f43-ac36-41d5f407d574"><testcase classname="backend.tests.test_cortex_iter14" name="test_active_missions_shape" time="0.197" /><testcase classname="backend.tests.test_cortex_iter14" name="test_active_missions_sorted_newest_first" time="0.068" /><testcase classname="backend.tests.test_cortex_iter14" name="test_active_missions_status_filter" time="0.064" /><testcase classname="backend.tests.test_cortex_iter14" name="test_mission_detail_ok" time="0.104" /><testcase classname="backend.tests.test_cortex_iter14" name="test_mission_detail_404" time="0.049" /><testcase classname="backend.tests.test_cortex_iter14" name="test_mission_events_ok" time="0.102" /><testcase classname="backend.tests.test_cortex_iter14" name="test_mission_events_since_filter" time="0.102" /><testcase classname="backend.tests.test_cortex_iter14" name="test_mission_events_404" time="0.049" /><testcase classname="backend.tests.test_cortex_iter14" name="test_execute_launch_seller_mission_followup" time="4.356" /><testcase classname="backend.tests.test_cortex_iter14" name="test_execute_bulk_outreach_followup" time="2.868" /><testcase classname="backend.tests.test_cortex_iter14" name="test_execute_queued_followup_starts_with_queued" time="6.002" /><testcase classname="backend.tests.test_cortex_iter14" name="test_execute_followup_persisted_in_conversations" time="2.332" /></testsuite></testsuites>