<?xml version="1.0" encoding="utf-8"?><testsuites name="pytest tests"><testsuite name="pytest" errors="0" failures="0" skipped="0" tests="7" time="4.970" timestamp="2026-05-30T04:40:05.835176+00:00" hostname="agent-env-3c0851b0-987a-4f43-ac36-41d5f407d574"><testcase classname="backend.tests.test_cortex_iter13" name="test_plan_cancel_returns_dismissed_id" time="2.465" /><testcase classname="backend.tests.test_cortex_iter13" name="test_plan_cancel_invalid_payload" time="0.054" /><testcase classname="backend.tests.test_cortex_iter13" name="test_plan_email_returns_action_or_502" time="0.232" /><testcase classname="backend.tests.test_cortex_iter13" name="test_chat_stream_emits_phases" time="1.942" /><testcase classname="backend.tests.test_cortex_iter13" name="test_chat_stream_requires_message" time="0.130" /><testcase classname="backend.tests.test_cortex_iter13" name="test_memory_strategy_populated" time="0.058" /><testcase classname="backend.tests.test_cortex_iter13" name="test_memory_recall_returns_scored_hits" time="0.064" /></testsuite></testsuites>