<?xml version="1.0" encoding="utf-8"?><testsuites name="pytest tests"><testsuite name="pytest" errors="0" failures="0" skipped="1" tests="13" time="0.655" timestamp="2026-05-30T05:42:47.275239+00:00" hostname="agent-env-3c0851b0-987a-4f43-ac36-41d5f407d574"><testcase classname="tests.test_cortex_iter17.TestOptimizationStatus" name="test_status_endpoint_shape" time="0.174" /><testcase classname="tests.test_cortex_iter17.TestRunNowAndDetector" name="test_run_now_fires_discovery_stall" time="0.268" /><testcase classname="tests.test_cortex_iter17.TestRunNowAndDetector" name="test_run_now_dedupes_within_12h" time="0.052" /><testcase classname="tests.test_cortex_iter17.TestOptimizationLog" name="test_log_returns_persisted_finding" time="0.051" /><testcase classname="tests.test_cortex_iter17.TestOptimizationLog" name="test_status_now_active_with_latest" time="0.052" /><testcase classname="tests.test_cortex_iter17.TestStageNormalize" name="test_normalize_appends_question_when_missing" time="0.001" /><testcase classname="tests.test_cortex_iter17.TestStageNormalize" name="test_normalize_preserves_question_already_present" time="0.000" /><testcase classname="tests.test_cortex_iter17.TestScheduler" name="test_cortex_optimization_loop_job_registered" time="0.015"><skipped type="pytest.skip" message="scheduler not started in this process">/app/backend/tests/test_cortex_iter17.py:166: scheduler not started in this process</skipped></testcase><testcase classname="tests.test_cortex_iter17.TestDetectorRules" name="test_discovery_stall" time="0.000" /><testcase classname="tests.test_cortex_iter17.TestDetectorRules" name="test_qualification_bottleneck" time="0.000" /><testcase classname="tests.test_cortex_iter17.TestDetectorRules" name="test_deliverability_risk" time="0.000" /><testcase classname="tests.test_cortex_iter17.TestDetectorRules" name="test_copy_conversion_gap" time="0.000" /><testcase classname="tests.test_cortex_iter17.TestDetectorRules" name="test_onboarding_stall" time="0.001" /></testsuite></testsuites>