<?xml version="1.0" encoding="utf-8"?><testsuites name="pytest tests"><testsuite name="pytest" errors="0" failures="0" skipped="6" tests="13" time="6.596" timestamp="2026-05-30T21:08:21.248907+00:00" hostname="agent-env-3c0851b0-987a-4f43-ac36-41d5f407d574"><testcase classname="backend.tests.test_cortex_phase_d_push.TestPushErrors" name="test_invalid_mode_returns_400" time="5.659" /><testcase classname="backend.tests.test_cortex_phase_d_push.TestPushErrors" name="test_scheduled_without_start_at_returns_400" time="0.211" /><testcase classname="backend.tests.test_cortex_phase_d_push.TestPushErrors" name="test_unknown_campaign_returns_404" time="0.119" /><testcase classname="backend.tests.test_cortex_phase_d_push.TestPushErrors" name="test_cross_user_isolation" time="0.122" /><testcase classname="backend.tests.test_cortex_phase_d_push.TestIdempotency" name="test_repush_returns_already_pushed" time="0.052" /><testcase classname="backend.tests.test_cortex_phase_d_push.TestFreshDraftPush" name="test_push_counts" time="0.057"><skipped type="pytest.skip" message="FRESH_CID already had 10 pushed posts — fresh-push case can't run; idempotency test covers re-push.">/app/backend/tests/test_cortex_phase_d_push.py:150: FRESH_CID already had 10 pushed posts — fresh-push case can't run; idempotency test covers re-push.</skipped></testcase><testcase classname="backend.tests.test_cortex_phase_d_push.TestFreshDraftPush" name="test_instagram_story_normalized_to_instagram" time="0.000"><skipped type="pytest.skip" message="FRESH_CID already had 10 pushed posts — fresh-push case can't run; idempotency test covers re-push.">/app/backend/tests/test_cortex_phase_d_push.py:168: FRESH_CID already had 10 pushed posts — fresh-push case can't run; idempotency test covers re-push.</skipped></testcase><testcase classname="backend.tests.test_cortex_phase_d_push.TestFreshDraftPush" name="test_posts_rows_shape" time="0.000"><skipped type="pytest.skip" message="FRESH_CID already had 10 pushed posts — fresh-push case can't run; idempotency test covers re-push.">/app/backend/tests/test_cortex_phase_d_push.py:184: FRESH_CID already had 10 pushed posts — fresh-push case can't run; idempotency test covers re-push.</skipped></testcase><testcase classname="backend.tests.test_cortex_phase_d_push.TestFreshDraftPush" name="test_cortex_post_stamped" time="0.000"><skipped type="pytest.skip" message="FRESH_CID already had 10 pushed posts — fresh-push case can't run; idempotency test covers re-push.">/app/backend/tests/test_cortex_phase_d_push.py:211: FRESH_CID already had 10 pushed posts — fresh-push case can't run; idempotency test covers re-push.</skipped></testcase><testcase classname="backend.tests.test_cortex_phase_d_push.TestFreshDraftPush" name="test_campaign_last_pushed_stamp" time="0.000"><skipped type="pytest.skip" message="FRESH_CID already had 10 pushed posts — fresh-push case can't run; idempotency test covers re-push.">/app/backend/tests/test_cortex_phase_d_push.py:226: FRESH_CID already had 10 pushed posts — fresh-push case can't run; idempotency test covers re-push.</skipped></testcase><testcase classname="backend.tests.test_cortex_phase_d_push.TestFreshDraftPush" name="test_second_push_is_idempotent" time="0.000"><skipped type="pytest.skip" message="FRESH_CID already had 10 pushed posts — fresh-push case can't run; idempotency test covers re-push.">/app/backend/tests/test_cortex_phase_d_push.py:237: FRESH_CID already had 10 pushed posts — fresh-push case can't run; idempotency test covers re-push.</skipped></testcase><testcase classname="backend.tests.test_cortex_phase_d_push.TestScheduledPush" name="test_scheduled_with_start_at_no_op_already_pushed" time="0.053" /><testcase classname="backend.tests.test_cortex_phase_d_push.TestScheduledPush" name="test_scheduled_fresh_push_spreads_by_cadence" time="0.195" /></testsuite></testsuites>