<?xml version="1.0" encoding="utf-8"?><testsuites name="pytest tests"><testsuite name="pytest" errors="0" failures="0" skipped="0" tests="11" time="16.591" timestamp="2026-05-30T04:17:56.361102+00:00" hostname="agent-env-3c0851b0-987a-4f43-ac36-41d5f407d574"><testcase classname="backend.tests.test_cortex_console_memory" name="test_memory_health" time="1.139" /><testcase classname="backend.tests.test_cortex_console_memory" name="test_chat_intent_classification" time="1.946" /><testcase classname="backend.tests.test_cortex_console_memory" name="test_chat_recommendation_card" time="0.000" /><testcase classname="backend.tests.test_cortex_console_memory" name="test_chat_turn2_semantic_recall" time="3.629" /><testcase classname="backend.tests.test_cortex_console_memory" name="test_memory_recall" time="0.102" /><testcase classname="backend.tests.test_cortex_console_memory" name="test_memory_recall_woodworking" time="0.089" /><testcase classname="backend.tests.test_cortex_console_memory" name="test_execute_autonomy3_launches" time="0.067" /><testcase classname="backend.tests.test_cortex_console_memory" name="test_execute_autonomy1_queues" time="0.083" /><testcase classname="backend.tests.test_cortex_console_memory" name="test_execution_log" time="0.051" /><testcase classname="backend.tests.test_cortex_console_memory" name="test_memory_strategy_stub" time="0.052" /><testcase classname="backend.tests.test_cortex_console_memory" name="test_memory_strategy_force_refresh" time="9.387" /></testsuite></testsuites>