<?xml version="1.0" encoding="utf-8"?><testsuites name="pytest tests"><testsuite name="pytest" errors="0" failures="0" skipped="0" tests="8" time="1.683" timestamp="2026-05-30T05:16:54.223982+00:00" hostname="agent-env-3c0851b0-987a-4f43-ac36-41d5f407d574"><testcase classname="backend.tests.test_cortex_iter15.TestMissionCancel" name="test_cancel_running_mission" time="0.318" /><testcase classname="backend.tests.test_cortex_iter15.TestMissionCancel" name="test_cancel_paused_mission" time="0.241" /><testcase classname="backend.tests.test_cortex_iter15.TestMissionCancel" name="test_cancel_already_cancelled_returns_400" time="0.219" /><testcase classname="backend.tests.test_cortex_iter15.TestMissionCancel" name="test_cancel_unknown_mission_returns_404" time="0.055" /><testcase classname="backend.tests.test_cortex_iter15.TestMissionCancel" name="test_cancel_writes_audit_event" time="0.242" /><testcase classname="backend.tests.test_cortex_iter15.TestDismissedPlanFilter" name="test_dismiss_filters_opportunity_type" time="0.170" /><testcase classname="backend.tests.test_cortex_iter15.TestActiveMissionsRegression" name="test_active_missions_endpoint_still_works" time="0.066" /><testcase classname="backend.tests.test_cortex_iter15.TestActiveMissionsRegression" name="test_briefing_endpoint_still_works" time="0.350" /></testsuite></testsuites>