<?xml version="1.0" encoding="utf-8"?><testsuites name="pytest tests"><testsuite name="pytest" errors="0" failures="1" skipped="0" tests="28" time="382.288" timestamp="2026-05-30T16:51:52.952177+00:00" hostname="agent-env-3c0851b0-987a-4f43-ac36-41d5f407d574"><testcase classname="tests.test_cortex_iter24.TestActionFirstRouting" name="test_show_leads_routes_to_action" time="0.521" /><testcase classname="tests.test_cortex_iter24.TestActionFirstRouting" name="test_show_opportunities_routes_to_action" time="0.532" /><testcase classname="tests.test_cortex_iter24.TestActionFirstRouting" name="test_show_missions_routes_to_action" time="0.617" /><testcase classname="tests.test_cortex_iter24.TestDiscoveryBudget" name="test_after_2_discovery_rounds_forces_advance" time="18.923" /><testcase classname="tests.test_cortex_iter24.TestAnswerShortcuts" name="test_ambiguous_request_returns_shortcuts" time="8.318" /><testcase classname="tests.test_cortex_iter24.TestNoDiscoveryOnShowRequests" name="test_show_request_never_triggers_discovery" time="7.886" /><testcase classname="tests.test_cortex_iter24.TestAutoTriggerScans" name="test_scan_url_creates_real_analysis_job" time="1.509" /><testcase classname="tests.test_cortex_iter24.TestAutoTriggerScans" name="test_audit_my_site_prompts_for_url" time="0.509" /><testcase classname="tests.test_cortex_iter24.TestAutoTriggerScans" name="test_review_url_with_subdomain_works" time="0.631" /><testcase classname="tests.test_cortex_iter24.TestActionMatcher" name="test_matchers_directly" time="0.047" /><testcase classname="tests.test_cortex_iter24.TestActionMatcher" name="test_non_action_messages_return_none" time="0.000" /><testcase classname="tests.test_recommendation_bridge" name="test_bridge_synthesis_produces_all_required_fields" time="10.230"><failure message="AssertionError: unexpected source&#10;assert 'llm:claude' in ('llm', 'heuristic')">tests/test_recommendation_bridge.py:126: in test_bridge_synthesis_produces_all_required_fields
    assert r["source"] in ("llm", "heuristic"), "unexpected source"
E   AssertionError: unexpected source
E   assert 'llm:claude' in ('llm', 'heuristic')</failure></testcase><testcase classname="tests.test_recommendation_bridge" name="test_bridge_synthesis_is_idempotent" time="11.747" /><testcase classname="tests.test_recommendation_bridge" name="test_bridge_only_renders_when_job_completed" time="0.904" /><testcase classname="tests.test_recommendation_bridge" name="test_bridge_posts_chat_turn_with_kind_and_payload" time="12.228" /><testcase classname="tests.test_recommendation_bridge" name="test_heuristic_fallback_per_job_type" time="0.065" /><testcase classname="tests.test_recommendation_bridge" name="test_confidence_clamping" time="0.426" /><testcase classname="tests.test_recommendation_bridge_followups" name="test_optimize_via_bridge_non_seo_creates_l3_mission" time="11.224" /><testcase classname="tests.test_recommendation_bridge_followups" name="test_pushback_regenerate_replaces_bridge_with_pushback_stamped" time="23.239" /><testcase classname="tests.test_recommendation_bridge_followups" name="test_pushback_includes_user_text_in_llm_prompt" time="0.067" /><testcase classname="tests.test_recommendation_bridge_followups" name="test_list_bridges_endpoint_returns_user_bridges" time="0.912" /><testcase classname="tests.test_cortex_iter26.TestActionFirstLeadsSummaryCard" name="test_show_me_leads_returns_action_with_summary_card" time="43.951" /><testcase classname="tests.test_cortex_iter26.TestActionFirstScanCreatesJob" name="test_scan_url_creates_real_seo_scan_row" time="1.890" /><testcase classname="tests.test_cortex_iter26.TestOptimizationApplyFlow" name="test_apply_recommendation_full_flow" time="72.325" /><testcase classname="tests.test_cortex_iter26.TestBridgeUsesClaude" name="test_bridge_source_is_llm_claude_when_available" time="12.750" /><testcase classname="tests.test_cortex_iter26.TestEndToEndBridgePosting" name="test_real_scan_produces_bridge_and_chat_turn" time="83.971" /><testcase classname="tests.test_cortex_iter26.TestListBridgesHTTP" name="test_list_endpoint_returns_user_bridges_newest_first" time="12.396" /><testcase classname="tests.test_cortex_iter26.TestDiscoveryBudgetCrossFeatureCompat" name="test_three_ambiguous_messages_advance_past_discovery" time="44.304" /></testsuite></testsuites>