<?xml version="1.0" encoding="utf-8"?><testsuites name="pytest tests"><testsuite name="pytest" errors="0" failures="0" skipped="0" tests="12" time="257.474" timestamp="2026-05-30T22:10:39.862409+00:00" hostname="agent-env-3c0851b0-987a-4f43-ac36-41d5f407d574"><testcase classname="backend.tests.test_cortex_phase_a_pptx_video.TestHealth" name="test_assets_list_ok" time="0.171" /><testcase classname="backend.tests.test_cortex_phase_a_pptx_video.TestPPTXUpload" name="test_upload_pptx_returns_kind_pptx" time="0.187" /><testcase classname="backend.tests.test_cortex_phase_a_pptx_video.TestPPTXUpload" name="test_pptx_extraction_meta_and_complete" time="41.678" /><testcase classname="backend.tests.test_cortex_phase_a_pptx_video.TestPPTXUpload" name="test_pptx_cleanup" time="0.187" /><testcase classname="backend.tests.test_cortex_phase_a_pptx_video.TestVideoUpload" name="test_upload_video_returns_kind_video" time="0.239" /><testcase classname="backend.tests.test_cortex_phase_a_pptx_video.TestVideoUpload" name="test_video_extraction_meta_thumb_and_transcript" time="49.818" /><testcase classname="backend.tests.test_cortex_phase_a_pptx_video.TestVideoUpload" name="test_video_cleanup" time="0.175" /><testcase classname="backend.tests.test_cortex_phase_a_pptx_video.TestSizeCaps" name="test_21mib_pdf_rejected_413" time="0.822" /><testcase classname="backend.tests.test_cortex_phase_a_pptx_video.TestSizeCaps" name="test_21mib_video_accepted_200" time="0.960" /><testcase classname="backend.tests.test_cortex_phase_a_pptx_video.TestSizeCaps" name="test_51mib_video_rejected_413" time="60.788" /><testcase classname="backend.tests.test_cortex_phase_a_pptx_video.TestBackwardsCompat" name="test_image_upload_still_works" time="47.464" /><testcase classname="backend.tests.test_cortex_phase_a_pptx_video.TestFailureModes" name="test_non_zip_pptx_completes_with_error_meta" time="54.944" /></testsuite></testsuites>