<?xml version="1.0" encoding="utf-8"?><testsuites name="pytest tests"><testsuite name="pytest" errors="0" failures="1" skipped="0" tests="12" time="29.767" timestamp="2026-05-30T05:31:30.064113+00:00" hostname="agent-env-3c0851b0-987a-4f43-ac36-41d5f407d574"><testcase classname="tests.test_cortex_iter16.TestDiscoveryStage" name="test_vague_goal_returns_discovery" time="3.987"><failure message="AssertionError: discovery ack should contain a question mark; got: 'You want to grow your business. To give you the right guidance, I need a bit more context:'&#10;assert '?' in 'You want to grow your business. To give you the right guidance, I need a bit more context:'">tests/test_cortex_iter16.py:64: in test_vague_goal_returns_discovery
    assert "?" in ack, f"discovery ack should contain a question mark; got: {ack!r}"
E   AssertionError: discovery ack should contain a question mark; got: 'You want to grow your business. To give you the right guidance, I need a bit more context:'
E   assert '?' in 'You want to grow your business. To give you the right guidance, I need a bit more context:'</failure></testcase><testcase classname="tests.test_cortex_iter16.TestExplicitExecuteOverride" name="test_explicit_execute_jumps_to_mission_proposal" time="0.295" /><testcase classname="tests.test_cortex_iter16.TestExplicitExecuteOverride" name="test_explicit_execute_phrase_variants" time="0.280" /><testcase classname="tests.test_cortex_iter16.TestConversationContinuity" name="test_three_turn_progression" time="15.600" /><testcase classname="tests.test_cortex_iter16.TestSSEReadyFields" name="test_sse_ready_contains_stage" time="5.795" /><testcase classname="tests.test_cortex_iter16.TestMongoPersistence" name="test_chat_turn_persists_stage_fields" time="3.764" /><testcase classname="tests.test_cortex_iter16.TestShouldRenderPlanCard" name="test_gate_false_for_discovery" time="0.001" /><testcase classname="tests.test_cortex_iter16.TestShouldRenderPlanCard" name="test_gate_false_for_analysis" time="0.000" /><testcase classname="tests.test_cortex_iter16.TestShouldRenderPlanCard" name="test_gate_false_for_recommendation" time="0.000" /><testcase classname="tests.test_cortex_iter16.TestShouldRenderPlanCard" name="test_gate_true_for_mission_proposal" time="0.000" /><testcase classname="tests.test_cortex_iter16.TestShouldRenderPlanCard" name="test_gate_true_for_execution" time="0.000" /><testcase classname="tests.test_cortex_iter16.TestShouldRenderPlanCard" name="test_gate_true_for_explicit_execution_request" time="0.000" /></testsuite></testsuites>