<?xml version="1.0" encoding="utf-8"?><testsuites name="pytest tests"><testsuite name="pytest" errors="0" failures="0" skipped="1" tests="15" time="2.090" timestamp="2026-05-30T22:58:43.441220+00:00" hostname="agent-env-3c0851b0-987a-4f43-ac36-41d5f407d574"><testcase classname="backend.tests.test_cortex_iter27_signed_urls_ws_build.TestSignedAssetURL" name="test_valid_signed_token_returns_200_no_cookie" time="0.213" /><testcase classname="backend.tests.test_cortex_iter27_signed_urls_ws_build.TestSignedAssetURL" name="test_tampered_token_returns_403" time="0.110" /><testcase classname="backend.tests.test_cortex_iter27_signed_urls_ws_build.TestSignedAssetURL" name="test_expired_token_returns_403" time="0.144" /><testcase classname="backend.tests.test_cortex_iter27_signed_urls_ws_build.TestSignedAssetURL" name="test_token_for_different_key_returns_403" time="0.102" /><testcase classname="backend.tests.test_cortex_iter27_signed_urls_ws_build.TestSignedAssetURL" name="test_cookie_auth_still_works" time="0.144" /><testcase classname="backend.tests.test_cortex_iter27_signed_urls_ws_build.TestSignedAssetURL" name="test_cookie_auth_wrong_user_prefix_403" time="0.049" /><testcase classname="backend.tests.test_cortex_iter27_signed_urls_ws_build.TestSignedAssetURL" name="test_no_auth_no_token_fails" time="0.120" /><testcase classname="backend.tests.test_cortex_iter27_signed_urls_ws_build.TestWsTicket" name="test_ws_ticket_requires_auth" time="0.091" /><testcase classname="backend.tests.test_cortex_iter27_signed_urls_ws_build.TestWsTicket" name="test_ws_ticket_shape" time="0.047" /><testcase classname="backend.tests.test_cortex_iter27_signed_urls_ws_build.TestWsTicket" name="test_ws_ticket_single_use" time="0.377" /><testcase classname="backend.tests.test_cortex_iter27_signed_urls_ws_build.TestWhisperCost" name="test_video_extraction_meta_has_cost" time="0.050" /><testcase classname="backend.tests.test_cortex_iter27_signed_urls_ws_build.TestPPTXHeroSlide" name="test_pptx_meta_has_hero_fields" time="0.049" /><testcase classname="backend.tests.test_cortex_iter27_signed_urls_ws_build.TestBuildCampaignFromAsset" name="test_404_for_unknown_asset" time="0.046" /><testcase classname="backend.tests.test_cortex_iter27_signed_urls_ws_build.TestDeleteCampaignCancel" name="test_delete_unknown_404" time="0.046" /><testcase classname="backend.tests.test_cortex_iter27_signed_urls_ws_build.TestSignedUrlsInCampaignCreatives" name="test_campaign_creative_media_url_is_signed" time="0.462"><skipped type="pytest.skip" message="no campaign creative with signed media_url found">/app/backend/tests/test_cortex_iter27_signed_urls_ws_build.py:234: no campaign creative with signed media_url found</skipped></testcase></testsuite></testsuites>