<?xml version="1.0" encoding="utf-8"?><testsuites name="pytest tests"><testsuite name="pytest" errors="0" failures="0" skipped="0" tests="2" time="63.856" timestamp="2026-05-28T14:40:19.522387+00:00" hostname="agent-env-3c0851b0-987a-4f43-ac36-41d5f407d574"><testcase classname="tests.test_langgraph_skip_distribution.TestSkipDistributionConditionalEdge" name="test_empty_platforms_skips_kai" time="41.794" /><testcase classname="tests.test_langgraph_skip_distribution.TestConveneRegression" name="test_convene_stream_still_works" time="22.041" /></testsuite></testsuites>