<?xml version="1.0" encoding="utf-8"?><testsuites name="pytest tests"><testsuite name="pytest" errors="0" failures="0" skipped="0" tests="45" time="215.097" timestamp="2026-05-28T04:00:04.555018+00:00" hostname="agent-env-3c0851b0-987a-4f43-ac36-41d5f407d574"><testcase classname="backend.tests.test_trends_engine.TestTrendsStatus" name="test_status_requires_auth" time="10.230" /><testcase classname="backend.tests.test_trends_engine.TestTrendsStatus" name="test_status_reports_sources" time="10.140" /><testcase classname="backend.tests.test_trends_engine.TestTrendsSeeds" name="test_seeds_requires_auth" time="0.139" /><testcase classname="backend.tests.test_trends_engine.TestTrendsSeeds" name="test_seeds_returns_defaults" time="0.106" /><testcase classname="backend.tests.test_trends_engine.TestTrendsIngest" name="test_ingest_requires_auth" time="10.110" /><testcase classname="backend.tests.test_trends_engine.TestTrendsIngest" name="test_ingest_skips_reddit_gracefully_when_unconfigured" time="4.089" /><testcase classname="backend.tests.test_trends_engine.TestTrendsIngest" name="test_ingest_persists_watchlist" time="2.777" /><testcase classname="backend.tests.test_trends_engine.TestTrendsRecent" name="test_recent_requires_auth" time="0.148" /><testcase classname="backend.tests.test_trends_engine.TestTrendsRecent" name="test_recent_returns_after_ingest" time="0.777" /><testcase classname="backend.tests.test_trends_engine.TestRedditOAuthScaffolding" name="test_reddit_configured_false_when_creds_missing" time="0.022" /><testcase classname="backend.tests.test_trends_engine.TestRedditOAuthScaffolding" name="test_reddit_token_returns_none_when_unconfigured" time="0.000" /><testcase classname="backend.tests.test_convene.TestConveneValidation" name="test_auth_required" time="0.107" /><testcase classname="backend.tests.test_convene.TestConveneValidation" name="test_rejects_unknown_agent" time="0.219" /><testcase classname="backend.tests.test_convene.TestConveneValidation" name="test_rejects_empty_chain" time="6.400" /><testcase classname="backend.tests.test_convene.TestConveneValidation" name="test_rejects_too_many_agents" time="0.259" /><testcase classname="backend.tests.test_convene.TestConveneValidation" name="test_dedupes_repeated_agents" time="0.218" /><testcase classname="backend.tests.test_convene.TestConveneHappyPath" name="test_full_chain_produces_summary" time="63.415" /><testcase classname="backend.tests.test_convene.TestConveneHappyPath" name="test_stream_emits_canonical_events" time="14.196" /><testcase classname="backend.tests.test_convene.TestConveneHappyPath" name="test_convene_persists_a_memory" time="13.201" /><testcase classname="backend.tests.test_auto_draft_and_chip.TestAutoDraftSettings" name="test_auth_required" time="0.191" /><testcase classname="backend.tests.test_auto_draft_and_chip.TestAutoDraftSettings" name="test_default_settings_shape" time="0.121" /><testcase classname="backend.tests.test_auto_draft_and_chip.TestAutoDraftSettings" name="test_set_and_read_round_trip" time="0.229" /><testcase classname="backend.tests.test_auto_draft_and_chip.TestAutoDraftSettings" name="test_rejects_unsupported_platform" time="0.117" /><testcase classname="backend.tests.test_auto_draft_and_chip.TestAutoDraftSettings" name="test_rejects_count_out_of_range" time="0.205" /><testcase classname="backend.tests.test_auto_draft_and_chip.TestRunNowGuards" name="test_run_now_blocked_when_disabled" time="0.221" /><testcase classname="backend.tests.test_auto_draft_and_chip.TestRunNowGuards" name="test_run_now_respects_cooldown" time="0.107" /><testcase classname="backend.tests.test_auto_draft_and_chip.TestProcessUserPipeline" name="test_queues_drafts_in_approvals" time="13.537" /><testcase classname="backend.tests.test_auto_draft_and_chip.TestProcessUserPipeline" name="test_dedupe_key_prevents_duplicate_drafts" time="26.454" /><testcase classname="backend.tests.test_auto_draft_and_chip.TestSpendChipFields" name="test_endpoint_returns_total_tokens_and_calls" time="0.162" /><testcase classname="backend.tests.test_auto_draft_and_chip.TestSpendChipFields" name="test_zero_state_for_clean_user" time="0.106" /><testcase classname="backend.tests.test_trend_drafts_and_nudge.TestDraftFromSignalAuth" name="test_auth_required" time="0.111" /><testcase classname="backend.tests.test_trend_drafts_and_nudge.TestDraftFromSignalAuth" name="test_unknown_platform_rejected" time="0.345" /><testcase classname="backend.tests.test_trend_drafts_and_nudge.TestDraftFromSignalAuth" name="test_unknown_trend_returns_404" time="0.216" /><testcase classname="backend.tests.test_trend_drafts_and_nudge.TestDraftFromSignalAuth" name="test_other_user_cannot_access_signal" time="0.247" /><testcase classname="backend.tests.test_trend_drafts_and_nudge.TestDraftFromSignalHappyPath" name="test_generates_draft_with_hashtags" time="11.743" /><testcase classname="backend.tests.test_trend_drafts_and_nudge.TestDraftFromSignalHappyPath" name="test_each_platform_supported" time="10.884" /><testcase classname="backend.tests.test_trend_drafts_and_nudge.TestDraftFromSignalHappyPath" name="test_draft_persists_as_memory" time="9.594" /><testcase classname="backend.tests.test_trend_drafts_and_nudge.TestSpendHint" name="test_auth_required" time="0.182" /><testcase classname="backend.tests.test_trend_drafts_and_nudge.TestSpendHint" name="test_default_user_no_nudge" time="0.114" /><testcase classname="backend.tests.test_trend_drafts_and_nudge.TestSpendHint" name="test_heavy_opus_user_gets_nudge" time="0.113" /><testcase classname="backend.tests.test_trend_drafts_and_nudge.TestSpendHint" name="test_days_clamped" time="0.109" /><testcase classname="backend.tests.test_agent_stream.TestStreamAuth" name="test_stream_requires_auth" time="0.107" /><testcase classname="backend.tests.test_agent_stream.TestStreamAuth" name="test_stream_404_on_unknown_agent" time="0.233" /><testcase classname="backend.tests.test_agent_stream.TestStreamHappyPath" name="test_event_vocabulary_and_order" time="1.340" /><testcase classname="backend.tests.test_agent_stream.TestStreamHappyPath" name="test_started_event_carries_mode_metadata" time="1.511" /></testsuite></testsuites>