<?xml version="1.0" encoding="utf-8"?><testsuites name="pytest tests"><testsuite name="pytest" errors="0" failures="0" skipped="0" tests="26" time="5.899" timestamp="2026-05-28T14:41:29.909604+00:00" hostname="agent-env-3c0851b0-987a-4f43-ac36-41d5f407d574"><testcase classname="tests.test_marketing_os_features.TestRunsCampaignFilter" name="test_auth_required" time="0.192" /><testcase classname="tests.test_marketing_os_features.TestRunsCampaignFilter" name="test_filter_returns_only_target_campaign" time="0.972" /><testcase classname="tests.test_marketing_os_features.TestRunsCampaignFilter" name="test_filter_returns_empty_for_unknown_campaign" time="0.105" /><testcase classname="tests.test_marketing_os_features.TestRunsCampaignFilter" name="test_filter_respects_user_scope" time="0.478" /><testcase classname="tests.test_marketing_os_features.TestLatestRunPin" name="test_campaign_doc_returns_latest_run_fields_when_set" time="0.347" /><testcase classname="tests.test_marketing_os_features.TestLatestRunPin" name="test_campaign_doc_omits_latest_run_when_never_run" time="0.340" /><testcase classname="tests.test_marketing_os_features.TestWinningHooksPromptBlock" name="test_returns_empty_when_no_hooks" time="0.152" /><testcase classname="tests.test_marketing_os_features.TestWinningHooksPromptBlock" name="test_returns_sorted_block_with_seeded_hooks" time="0.025" /><testcase classname="tests.test_marketing_os_features.TestWinningHooksPromptBlock" name="test_platform_filter_restricts_results" time="0.008" /><testcase classname="tests.test_marketing_os_features.TestWinningHooksPromptBlock" name="test_limit_caps_results" time="0.007" /><testcase classname="tests.test_marketing_os_features.TestRolesEndpoint" name="test_roles_returns_canonical_five" time="0.107" /><testcase classname="tests.test_marketing_os_features.TestDashboardEndpointShape" name="test_dashboard_returns_expected_keys" time="0.118" /><testcase classname="tests.test_marketing_os_features.TestPromoteHookToBrandVoice" name="test_auth_required" time="0.125" /><testcase classname="tests.test_marketing_os_features.TestPromoteHookToBrandVoice" name="test_promote_creates_brand_voice_row" time="0.334" /><testcase classname="tests.test_marketing_os_features.TestPromoteHookToBrandVoice" name="test_promote_unknown_hook_404" time="0.111" /><testcase classname="tests.test_marketing_os_features.TestPromoteHookToBrandVoice" name="test_promote_other_users_hook_404" time="0.134" /><testcase classname="tests.test_marketing_os_features.TestBrandVoiceFeature" name="test_block_returns_empty_when_user_has_promoted_nothing" time="0.007" /><testcase classname="tests.test_marketing_os_features.TestBrandVoiceFeature" name="test_block_extracts_anchor_text_after_promotion" time="0.306" /><testcase classname="tests.test_marketing_os_features.TestBrandVoiceFeature" name="test_list_endpoint_auth_required" time="0.123" /><testcase classname="tests.test_marketing_os_features.TestBrandVoiceFeature" name="test_list_endpoint_returns_promoted_anchors" time="0.341" /><testcase classname="tests.test_marketing_os_features.TestBrandVoiceManualAndReorder" name="test_create_anchor_auth_required" time="0.110" /><testcase classname="tests.test_marketing_os_features.TestBrandVoiceManualAndReorder" name="test_create_anchor_validates_length" time="0.107" /><testcase classname="tests.test_marketing_os_features.TestBrandVoiceManualAndReorder" name="test_create_anchor_succeeds_and_lists" time="0.272" /><testcase classname="tests.test_marketing_os_features.TestBrandVoiceManualAndReorder" name="test_reorder_persists_meta_order" time="0.749" /><testcase classname="tests.test_marketing_os_features.TestBrandVoiceTest" name="test_test_endpoint_auth_required" time="0.162" /><testcase classname="tests.test_marketing_os_features.TestBrandVoiceTest" name="test_test_endpoint_422_when_no_anchors" time="0.138" /></testsuite></testsuites>