<?xml version="1.0" encoding="utf-8"?><testsuites name="pytest tests"><testsuite name="pytest" errors="0" failures="0" skipped="0" tests="18" time="44.584" timestamp="2026-05-28T03:59:14.464660+00:00" hostname="agent-env-3c0851b0-987a-4f43-ac36-41d5f407d574"><testcase classname="backend.tests.test_marketing_os.TestMarketingOSAuth" name="test_dashboard_requires_auth" time="0.210" /><testcase classname="backend.tests.test_marketing_os.TestMarketingOSAuth" name="test_signals_requires_auth" time="0.146" /><testcase classname="backend.tests.test_marketing_os.TestMarketingOSAuth" name="test_runs_requires_auth" time="0.115" /><testcase classname="backend.tests.test_marketing_os.TestMarketingOSAuth" name="test_roles_requires_auth" time="0.117" /><testcase classname="backend.tests.test_marketing_os.TestMarketingOSAuth" name="test_run_stream_requires_auth" time="0.106" /><testcase classname="backend.tests.test_marketing_os.TestMarketingOSDashboard" name="test_dashboard_payload_shape" time="0.237" /><testcase classname="backend.tests.test_marketing_os.TestMarketingOSRoles" name="test_roles_endpoint" time="0.219" /><testcase classname="backend.tests.test_marketing_os.TestMarketingOSRuns" name="test_runs_returns_list" time="0.233" /><testcase classname="backend.tests.test_marketing_os.TestMarketingOSRuns" name="test_get_run_unknown_returns_404" time="0.249" /><testcase classname="backend.tests.test_marketing_os.TestMarketingOSSignals" name="test_signals_ranked_by_virality" time="6.653" /><testcase classname="backend.tests.test_marketing_os.TestMarketingOSSignals" name="test_signals_limit_param" time="0.213" /><testcase classname="backend.tests.test_marketing_os.TestMarketingOSSignals" name="test_ingested_trend_has_signal_envelope" time="3.050" /><testcase classname="backend.tests.test_marketing_os.TestMarketingOSSignals" name="test_seo_keyword_routes_to_sam" time="2.680" /><testcase classname="backend.tests.test_marketing_os.TestMarketingOSRunValidation" name="test_invalid_role_rejected" time="0.209" /><testcase classname="backend.tests.test_marketing_os.TestMarketingOSRunValidation" name="test_empty_brief_rejected" time="0.242" /><testcase classname="backend.tests.test_marketing_os.TestMarketingOSRunValidation" name="test_unknown_campaign_returns_404" time="0.210" /><testcase classname="backend.tests.test_marketing_os.TestMarketingOSRunValidation" name="test_empty_roles_list_accepted_or_422" time="0.226" /><testcase classname="backend.tests.test_marketing_os.TestMarketingOSRunStream" name="test_short_run_emits_canonical_events_and_persists" time="29.377" /></testsuite></testsuites>