<?xml version="1.0" encoding="utf-8"?><testsuites name="pytest tests"><testsuite name="pytest" errors="0" failures="0" skipped="2" tests="23" time="42.707" timestamp="2026-05-28T14:38:36.846052+00:00" hostname="agent-env-3c0851b0-987a-4f43-ac36-41d5f407d574"><testcase classname="tests.test_marketing_os.TestMarketingOSAuth" name="test_dashboard_requires_auth" time="0.295" /><testcase classname="tests.test_marketing_os.TestMarketingOSAuth" name="test_signals_requires_auth" time="0.126" /><testcase classname="tests.test_marketing_os.TestMarketingOSAuth" name="test_runs_requires_auth" time="0.138" /><testcase classname="tests.test_marketing_os.TestMarketingOSAuth" name="test_roles_requires_auth" time="0.103" /><testcase classname="tests.test_marketing_os.TestMarketingOSAuth" name="test_run_stream_requires_auth" time="0.147" /><testcase classname="tests.test_marketing_os.TestMarketingOSDashboard" name="test_dashboard_payload_shape" time="0.256" /><testcase classname="tests.test_marketing_os.TestMarketingOSRoles" name="test_roles_endpoint" time="0.220" /><testcase classname="tests.test_marketing_os.TestMarketingOSRuns" name="test_runs_returns_list" time="0.225" /><testcase classname="tests.test_marketing_os.TestMarketingOSRuns" name="test_get_run_unknown_returns_404" time="0.215" /><testcase classname="tests.test_marketing_os.TestMarketingOSSignals" name="test_signals_ranked_by_virality" time="1.587" /><testcase classname="tests.test_marketing_os.TestMarketingOSSignals" name="test_signals_limit_param" time="0.237" /><testcase classname="tests.test_marketing_os.TestMarketingOSSignals" name="test_ingested_trend_has_signal_envelope" time="0.853"><skipped type="pytest.skip" message="No trend rows ingested (Reddit may be unconfigured in this env)">/app/backend/tests/test_marketing_os.py:192: No trend rows ingested (Reddit may be unconfigured in this env)</skipped></testcase><testcase classname="tests.test_marketing_os.TestMarketingOSSignals" name="test_seo_keyword_routes_to_sam" time="0.989"><skipped type="pytest.skip" message="No 'seo' trend rows available to assert recommended_agent">/app/backend/tests/test_marketing_os.py:221: No 'seo' trend rows available to assert recommended_agent</skipped></testcase><testcase classname="tests.test_marketing_os.TestMarketingOSRunValidation" name="test_invalid_role_rejected" time="0.241" /><testcase classname="tests.test_marketing_os.TestMarketingOSRunValidation" name="test_empty_brief_rejected" time="0.222" /><testcase classname="tests.test_marketing_os.TestMarketingOSRunValidation" name="test_unknown_campaign_returns_404" time="0.216" /><testcase classname="tests.test_marketing_os.TestMarketingOSRunValidation" name="test_empty_roles_list_accepted_or_422" time="0.229" /><testcase classname="tests.test_marketing_os.TestMarketingOSRunStream" name="test_short_run_emits_canonical_events_and_persists" time="34.312" /><testcase classname="tests.test_marketing_os.TestLangGraphOrchestrator" name="test_canonical_graph_compiles" time="1.762" /><testcase classname="tests.test_marketing_os.TestLangGraphOrchestrator" name="test_route_after_content_skips_distribution" time="0.000" /><testcase classname="tests.test_marketing_os.TestLangGraphOrchestrator" name="test_route_after_strategy_error_short_circuits" time="0.000" /><testcase classname="tests.test_marketing_os.TestLangGraphOrchestrator" name="test_canonical_roles_match_marketing_os_module" time="0.202" /><testcase classname="tests.test_marketing_os.TestLangGraphOrchestrator" name="test_persisted_run_marked_langgraph" time="0.105" /></testsuite></testsuites>