<?xml version="1.0" encoding="utf-8"?><testsuites name="pytest tests"><testsuite name="pytest" errors="0" failures="0" skipped="0" tests="5" time="0.909" timestamp="2026-05-31T01:00:13.055279+00:00" hostname="agent-env-3c0851b0-987a-4f43-ac36-41d5f407d574"><testcase classname="tests.test_recommended_action" name="test_requires_auth_returns_401" time="0.178" /><testcase classname="tests.test_recommended_action" name="test_bridge_path_returns_unified_card" time="0.196" /><testcase classname="tests.test_recommended_action" name="test_bridge_skipped_when_in_dismissed_plans" time="0.169" /><testcase classname="tests.test_recommended_action" name="test_briefing_fallback_when_all_bridges_consumed" time="0.134" /><testcase classname="tests.test_recommended_action" name="test_response_is_well_formed_json" time="0.147" /></testsuite></testsuites>