<?xml version="1.0" encoding="utf-8"?><testsuites name="pytest tests"><testsuite name="pytest" errors="0" failures="1" skipped="0" tests="9" time="9.856" timestamp="2026-05-24T17:39:04.438532+00:00" hostname="agent-env-3c0851b0-987a-4f43-ac36-41d5f407d574"><testcase classname="backend.tests.test_scheduling_and_optimal" name="test_auth_me" time="0.160" /><testcase classname="backend.tests.test_scheduling_and_optimal" name="test_publish_scheduled" time="0.055" /><testcase classname="backend.tests.test_scheduling_and_optimal" name="test_list_scheduled_in_range" time="0.055" /><testcase classname="backend.tests.test_scheduling_and_optimal" name="test_patch_scheduled" time="0.105" /><testcase classname="backend.tests.test_scheduling_and_optimal" name="test_delete_scheduled" time="0.098" /><testcase classname="backend.tests.test_scheduling_and_optimal" name="test_delete_scheduled_not_found" time="0.048" /><testcase classname="backend.tests.test_scheduling_and_optimal" name="test_optimal_times_no_niche" time="0.054" /><testcase classname="backend.tests.test_scheduling_and_optimal" name="test_optimal_times_with_niche" time="9.126" /><testcase classname="backend.tests.test_scheduling_and_optimal" name="test_performance_overview_24h" time="0.060"><failure message="AssertionError: Internal Server Error&#10;assert 500 == 200&#10; +  where 500 = &lt;Response [500]&gt;.status_code">backend/tests/test_scheduling_and_optimal.py:121: in test_performance_overview_24h
    assert r.status_code == 200, r.text
E   AssertionError: Internal Server Error
E   assert 500 == 200
E    +  where 500 = &lt;Response [500]&gt;.status_code</failure></testcase></testsuite></testsuites>