<?xml version="1.0" encoding="utf-8"?><testsuites name="pytest tests"><testsuite name="pytest" errors="0" failures="0" skipped="0" tests="22" time="105.127" timestamp="2026-05-29T22:33:52.602578+00:00" hostname="agent-env-3c0851b0-987a-4f43-ac36-41d5f407d574"><testcase classname="tests.test_seller_os_phase23.TestOutreach" name="test_generate_dry_run_no_event_record" time="11.448" /><testcase classname="tests.test_seller_os_phase23.TestOutreach" name="test_generate_live_records_event_and_advances_stage" time="30.370" /><testcase classname="tests.test_seller_os_phase23.TestOutreach" name="test_bulk_outreach_only_processes_qualified" time="1.023" /><testcase classname="tests.test_seller_os_phase23.TestOutreach" name="test_post_event_advances_to_interested" time="19.327" /><testcase classname="tests.test_seller_os_phase23.TestOutreach" name="test_thread_endpoint_returns_chronological" time="17.613" /><testcase classname="tests.test_seller_os_phase23.TestOutreach" name="test_cannot_outreach_non_qualified_lead" time="0.814" /><testcase classname="tests.test_seller_os_phase23.TestOnboarding" name="test_start_runs_5_steps_and_advances_to_active" time="17.007" /><testcase classname="tests.test_seller_os_phase23.TestOnboarding" name="test_onboarding_is_idempotent" time="0.792" /><testcase classname="tests.test_seller_os_phase23.TestOnboarding" name="test_cannot_onboard_below_qualified" time="0.815" /><testcase classname="tests.test_seller_os_phase23.TestRetention" name="test_scan_flags_inactive_and_churned" time="0.347" /><testcase classname="tests.test_seller_os_phase1.TestMissionTypeExtension" name="test_creates_seller_acquisition_mission" time="0.227" /><testcase classname="tests.test_seller_os_phase1.TestMissionTypeExtension" name="test_patch_can_update_niche_and_threshold" time="0.452" /><testcase classname="tests.test_seller_os_phase1.TestDiscovery" name="test_run_writes_leads" time="0.493" /><testcase classname="tests.test_seller_os_phase1.TestDiscovery" name="test_dedupe_skips_existing" time="0.452" /><testcase classname="tests.test_seller_os_phase1.TestDiscovery" name="test_unknown_source_400" time="0.351" /><testcase classname="tests.test_seller_os_phase1.TestDiscovery" name="test_unknown_mission_404" time="0.227" /><testcase classname="tests.test_seller_os_phase1.TestDiscovery" name="test_sources_endpoint_returns_registry" time="0.232" /><testcase classname="tests.test_seller_os_phase1.TestQualification" name="test_qualify_writes_scores_and_advances_stage" time="0.611" /><testcase classname="tests.test_seller_os_phase1.TestQualification" name="test_threshold_controls_acceptance" time="0.598" /><testcase classname="tests.test_seller_os_phase1.TestQualification" name="test_preview_endpoint" time="0.577" /><testcase classname="tests.test_seller_os_phase1.TestFunnelKPIs" name="test_funnel_reports_correct_stage_counts" time="0.692" /><testcase classname="tests.test_seller_os_phase1.TestFunnelKPIs" name="test_score_summary_in_funnel" time="0.566" /></testsuite></testsuites>