<?xml version="1.0" encoding="utf-8"?><testsuites name="pytest tests"><testsuite name="pytest" errors="0" failures="0" skipped="0" tests="14" time="2.837" timestamp="2026-05-30T23:55:48.254175+00:00" hostname="agent-env-3c0851b0-987a-4f43-ac36-41d5f407d574"><testcase classname="backend.tests.test_seller_qualification_review.TestQualificationRunAndBands" name="test_run_routes_three_bands_and_persists_fields" time="0.322" /><testcase classname="backend.tests.test_seller_qualification_review.TestReviewQueue" name="test_review_queue_lists_medium_leads_only" time="0.224" /><testcase classname="backend.tests.test_seller_qualification_review.TestReviewQueue" name="test_review_queue_unknown_mission_returns_empty" time="0.109" /><testcase classname="backend.tests.test_seller_qualification_review.TestDecideReview" name="test_promote_flips_to_qualified" time="0.279" /><testcase classname="backend.tests.test_seller_qualification_review.TestDecideReview" name="test_reject_flips_to_rejected" time="0.222" /><testcase classname="backend.tests.test_seller_qualification_review.TestDecideReview" name="test_decide_non_review_stage_returns_409" time="0.221" /><testcase classname="backend.tests.test_seller_qualification_review.TestDecideReview" name="test_decide_invalid_decision_returns_400" time="0.229" /><testcase classname="backend.tests.test_seller_qualification_review.TestDecideReview" name="test_decide_unknown_lead_returns_404" time="0.110" /><testcase classname="backend.tests.test_seller_qualification_review.TestRecommendedAction" name="test_contact_high_confidence_when_three_or_more_high" time="0.237" /><testcase classname="backend.tests.test_seller_qualification_review.TestRecommendedAction" name="test_review_medium_queue_when_under_three_high_but_three_total" time="0.231" /><testcase classname="backend.tests.test_seller_qualification_review.TestRecommendedAction" name="test_expand_discovery_when_fewer_than_three" time="0.215" /><testcase classname="backend.tests.test_seller_qualification_review.TestRecommendedAction" name="test_recommended_action_unknown_mission_returns_404" time="0.111" /><testcase classname="backend.tests.test_seller_qualification_review.TestPreviewUsesMissionThreshold" name="test_preview_band_reflects_mission_threshold" time="0.120" /><testcase classname="backend.tests.test_seller_qualification_review.TestIsolation" name="test_review_queue_isolates_by_user" time="0.113" /></testsuite></testsuites>