<?xml version="1.0" encoding="utf-8"?><testsuites name="pytest tests"><testsuite name="pytest" errors="0" failures="2" skipped="0" tests="32" time="321.719" timestamp="2026-05-29T23:06:09.302958+00:00" hostname="agent-env-3c0851b0-987a-4f43-ac36-41d5f407d574"><testcase classname="tests.test_seller_os_phase4_8.TestOfferArtifacts" name="test_generate_artifact_persists_and_returns_structured_payload" time="35.761" /><testcase classname="tests.test_seller_os_phase4_8.TestOfferArtifacts" name="test_download_html_endpoint_serves_styled_artifact" time="27.688" /><testcase classname="tests.test_seller_os_phase4_8.TestOfferArtifacts" name="test_list_for_lead_returns_recent_artifacts" time="41.264"><failure message="assert 404 == 200&#10; +  where 404 = &lt;Response [404]&gt;.status_code">tests/test_seller_os_phase4_8.py:128: in test_list_for_lead_returns_recent_artifacts
    assert r.status_code == 200
E   assert 404 == 200
E    +  where 404 = &lt;Response [404]&gt;.status_code</failure></testcase><testcase classname="tests.test_seller_os_phase4_8.TestOfferArtifacts" name="test_outreach_attach_artifact_links_event_to_audit" time="60.260"><failure message="AssertionError: The preview environment is not responding. It may be starting up.&#10;  &#10;assert 502 == 200&#10; +  where 502 = &lt;Response [502]&gt;.status_code">tests/test_seller_os_phase4_8.py:141: in test_outreach_attach_artifact_links_event_to_audit
    assert r.status_code == 200, r.text
E   AssertionError: The preview environment is not responding. It may be starting up.
E     
E   assert 502 == 200
E    +  where 502 = &lt;Response [502]&gt;.status_code</failure></testcase><testcase classname="tests.test_seller_os_phase4_8.TestChurnRiskScoring" name="test_score_signals_shape_and_range" time="4.760" /><testcase classname="tests.test_seller_os_phase4_8.TestChurnRiskScoring" name="test_healthy_seller_low_score_no_workflow" time="0.260" /><testcase classname="tests.test_seller_os_phase4_8.TestChurnRiskScoring" name="test_high_risk_seller_auto_launches_workflow" time="31.837" /><testcase classname="tests.test_seller_os_phase4_8.TestChurnRiskScoring" name="test_workflow_advance_marks_next_step" time="44.147" /><testcase classname="tests.test_seller_os_phase4_8.TestChurnRiskScoring" name="test_score_idempotency_upserts_same_row" time="0.620" /><testcase classname="tests.test_seller_os_phase4_8.TestChurnRiskScoring" name="test_bulk_scan_endpoint" time="0.242" /><testcase classname="tests.test_seller_os_phase1.TestMissionTypeExtension" name="test_creates_seller_acquisition_mission" time="0.209" /><testcase classname="tests.test_seller_os_phase1.TestMissionTypeExtension" name="test_patch_can_update_niche_and_threshold" time="0.436" /><testcase classname="tests.test_seller_os_phase1.TestDiscovery" name="test_run_writes_leads" time="0.458" /><testcase classname="tests.test_seller_os_phase1.TestDiscovery" name="test_dedupe_skips_existing" time="0.444" /><testcase classname="tests.test_seller_os_phase1.TestDiscovery" name="test_unknown_source_400" time="0.346" /><testcase classname="tests.test_seller_os_phase1.TestDiscovery" name="test_unknown_mission_404" time="0.217" /><testcase classname="tests.test_seller_os_phase1.TestDiscovery" name="test_sources_endpoint_returns_registry" time="0.224" /><testcase classname="tests.test_seller_os_phase1.TestQualification" name="test_qualify_writes_scores_and_advances_stage" time="0.599" /><testcase classname="tests.test_seller_os_phase1.TestQualification" name="test_threshold_controls_acceptance" time="0.558" /><testcase classname="tests.test_seller_os_phase1.TestQualification" name="test_preview_endpoint" time="0.581" /><testcase classname="tests.test_seller_os_phase1.TestFunnelKPIs" name="test_funnel_reports_correct_stage_counts" time="0.691" /><testcase classname="tests.test_seller_os_phase1.TestFunnelKPIs" name="test_score_summary_in_funnel" time="0.549" /><testcase classname="tests.test_seller_os_phase23.TestOutreach" name="test_generate_dry_run_no_event_record" time="12.240" /><testcase classname="tests.test_seller_os_phase23.TestOutreach" name="test_generate_live_records_event_and_advances_stage" time="12.840" /><testcase classname="tests.test_seller_os_phase23.TestOutreach" name="test_bulk_outreach_only_processes_qualified" time="0.897" /><testcase classname="tests.test_seller_os_phase23.TestOutreach" name="test_post_event_advances_to_interested" time="13.138" /><testcase classname="tests.test_seller_os_phase23.TestOutreach" name="test_thread_endpoint_returns_chronological" time="13.940" /><testcase classname="tests.test_seller_os_phase23.TestOutreach" name="test_cannot_outreach_non_qualified_lead" time="0.838" /><testcase classname="tests.test_seller_os_phase23.TestOnboarding" name="test_start_runs_5_steps_and_advances_to_active" time="13.508" /><testcase classname="tests.test_seller_os_phase23.TestOnboarding" name="test_onboarding_is_idempotent" time="0.828" /><testcase classname="tests.test_seller_os_phase23.TestOnboarding" name="test_cannot_onboard_below_qualified" time="0.831" /><testcase classname="tests.test_seller_os_phase23.TestRetention" name="test_scan_flags_inactive_and_churned" time="0.362" /></testsuite></testsuites>