<?xml version="1.0" encoding="utf-8"?><testsuites name="pytest tests"><testsuite name="pytest" errors="0" failures="0" skipped="0" tests="36" time="16.876" timestamp="2026-05-24T18:58:06.731362+00:00" hostname="agent-env-3c0851b0-987a-4f43-ac36-41d5f407d574"><testcase classname="backend.tests.test_seo_v2.TestSitemapV2" name="test_total_44_loc_entries" time="0.246" /><testcase classname="backend.tests.test_seo_v2.TestSitemapV2" name="test_uses_production_domain" time="0.111" /><testcase classname="backend.tests.test_seo_v2.TestSitemapV2" name="test_has_image_namespace_and_entries" time="0.110" /><testcase classname="backend.tests.test_seo_v2.TestSitemapV2" name="test_pricing_present" time="0.107" /><testcase classname="backend.tests.test_seo_v2.TestSitemapV2" name="test_all_32_programmatic_combos_present" time="0.114" /><testcase classname="backend.tests.test_seo_v2.TestSitemapV2" name="test_core_marketing_still_present" time="0.101" /><testcase classname="backend.tests.test_seo_v2.TestRobotsV2" name="test_has_both_sitemap_directives" time="0.100" /><testcase classname="backend.tests.test_seo_v2.TestRobotsV2" name="test_status_200" time="0.104" /><testcase classname="backend.tests.test_seo.TestSitemap" name="test_status_and_content_type" time="0.105" /><testcase classname="backend.tests.test_seo.TestSitemap" name="test_has_urlset" time="0.111" /><testcase classname="backend.tests.test_seo.TestSitemap" name="test_has_at_least_11_urls" time="0.000" /><testcase classname="backend.tests.test_seo.TestSitemap" name="test_homepage_present" time="0.000" /><testcase classname="backend.tests.test_seo.TestSitemap" name="test_landing_pages_present[ai-tiktok-post-generator]" time="0.000" /><testcase classname="backend.tests.test_seo.TestSitemap" name="test_landing_pages_present[viral-content-ideas-generator]" time="0.000" /><testcase classname="backend.tests.test_seo.TestSitemap" name="test_landing_pages_present[instagram-caption-ai-generator]" time="0.000" /><testcase classname="backend.tests.test_seo.TestSitemap" name="test_landing_pages_present[short-form-video-ideas-ai]" time="0.000" /><testcase classname="backend.tests.test_seo.TestSitemap" name="test_landing_pages_present[content-automation-tool]" time="0.000" /><testcase classname="backend.tests.test_seo.TestSitemap" name="test_blog_index_and_posts" time="0.000" /><testcase classname="backend.tests.test_seo.TestSitemap" name="test_agents_present" time="0.000" /><testcase classname="backend.tests.test_seo.TestRobots" name="test_status_and_content_type" time="0.109" /><testcase classname="backend.tests.test_seo.TestRobots" name="test_required_directives" time="0.107" /><testcase classname="backend.tests.test_seo.TestRobots" name="test_sitemap_directive_present" time="0.000" /><testcase classname="backend.tests.test_seo.TestStaticRobots" name="test_static_robots_served" time="0.102" /><testcase classname="backend.tests.test_scheduling_and_optimal" name="test_auth_me" time="0.123" /><testcase classname="backend.tests.test_scheduling_and_optimal" name="test_publish_scheduled" time="0.109" /><testcase classname="backend.tests.test_scheduling_and_optimal" name="test_list_scheduled_in_range" time="0.057" /><testcase classname="backend.tests.test_scheduling_and_optimal" name="test_patch_scheduled" time="0.108" /><testcase classname="backend.tests.test_scheduling_and_optimal" name="test_delete_scheduled" time="0.112" /><testcase classname="backend.tests.test_scheduling_and_optimal" name="test_delete_scheduled_not_found" time="0.062" /><testcase classname="backend.tests.test_scheduling_and_optimal" name="test_optimal_times_no_niche" time="0.061" /><testcase classname="backend.tests.test_scheduling_and_optimal" name="test_optimal_times_with_niche" time="9.897" /><testcase classname="backend.tests.test_scheduling_and_optimal" name="test_performance_overview_24h" time="0.062" /><testcase classname="backend.tests.test_scheduler" name="test_past_scheduled_at_publishes_immediately" time="0.243" /><testcase classname="backend.tests.test_scheduler" name="test_scheduler_publishes_future_due_post" time="3.594" /><testcase classname="backend.tests.test_scheduler" name="test_scheduler_does_not_publish_future_post" time="0.543" /><testcase classname="backend.tests.test_scheduler" name="test_run_once_requires_admin" time="0.254" /></testsuite></testsuites>