<?xml version="1.0" encoding="utf-8"?><testsuites name="pytest tests"><testsuite name="pytest" errors="0" failures="0" skipped="0" tests="28" time="2.233" timestamp="2026-05-24T20:15:58.056607+00:00" hostname="agent-env-3c0851b0-987a-4f43-ac36-41d5f407d574"><testcase classname="tests.test_seo_v3.TestVideoSitemap" name="test_video_namespace_present" time="0.143" /><testcase classname="tests.test_seo_v3.TestVideoSitemap" name="test_no_video_blocks_when_registry_empty" time="0.389" /><testcase classname="tests.test_seo_v3.TestVideoSitemap" name="test_video_block_renders_when_registered" time="0.000" /><testcase classname="tests.test_seo_v3.TestLegalAndSitemapIndexedRoutes" name="test_privacy_terms_sitemap_present" time="0.104" /><testcase classname="tests.test_seo_v3.TestLegalAndSitemapIndexedRoutes" name="test_well_formed_xml_count" time="0.101" /><testcase classname="tests.test_seo_v2.TestSitemapV2" name="test_total_loc_entries" time="0.115" /><testcase classname="tests.test_seo_v2.TestSitemapV2" name="test_uses_production_domain" time="0.126" /><testcase classname="tests.test_seo_v2.TestSitemapV2" name="test_has_image_namespace_and_entries" time="0.098" /><testcase classname="tests.test_seo_v2.TestSitemapV2" name="test_pricing_present" time="0.144" /><testcase classname="tests.test_seo_v2.TestSitemapV2" name="test_all_32_programmatic_combos_present" time="0.106" /><testcase classname="tests.test_seo_v2.TestSitemapV2" name="test_core_marketing_still_present" time="0.097" /><testcase classname="tests.test_seo_v2.TestRobotsV2" name="test_has_both_sitemap_directives" time="0.103" /><testcase classname="tests.test_seo_v2.TestRobotsV2" name="test_status_200" time="0.100" /><testcase classname="tests.test_seo.TestSitemap" name="test_status_and_content_type" time="0.111" /><testcase classname="tests.test_seo.TestSitemap" name="test_has_urlset" time="0.104" /><testcase classname="tests.test_seo.TestSitemap" name="test_has_at_least_11_urls" time="0.000" /><testcase classname="tests.test_seo.TestSitemap" name="test_homepage_present" time="0.000" /><testcase classname="tests.test_seo.TestSitemap" name="test_landing_pages_present[ai-tiktok-post-generator]" time="0.000" /><testcase classname="tests.test_seo.TestSitemap" name="test_landing_pages_present[viral-content-ideas-generator]" time="0.000" /><testcase classname="tests.test_seo.TestSitemap" name="test_landing_pages_present[instagram-caption-ai-generator]" time="0.000" /><testcase classname="tests.test_seo.TestSitemap" name="test_landing_pages_present[short-form-video-ideas-ai]" time="0.000" /><testcase classname="tests.test_seo.TestSitemap" name="test_landing_pages_present[content-automation-tool]" time="0.000" /><testcase classname="tests.test_seo.TestSitemap" name="test_blog_index_and_posts" time="0.000" /><testcase classname="tests.test_seo.TestSitemap" name="test_agents_present" time="0.000" /><testcase classname="tests.test_seo.TestRobots" name="test_status_and_content_type" time="0.099" /><testcase classname="tests.test_seo.TestRobots" name="test_required_directives" time="0.116" /><testcase classname="tests.test_seo.TestRobots" name="test_sitemap_directive_present" time="0.000" /><testcase classname="tests.test_seo.TestStaticRobots" name="test_static_robots_served" time="0.104" /></testsuite></testsuites>