<?xml version="1.0" encoding="utf-8"?><testsuites name="pytest tests"><testsuite name="pytest" errors="0" failures="0" skipped="0" tests="49" time="18.634" timestamp="2026-05-24T20:19:34.264416+00:00" hostname="agent-env-3c0851b0-987a-4f43-ac36-41d5f407d574"><testcase classname="tests.test_blog_seo" name="test_all_15_blog_posts_in_sitemap" time="0.187" /><testcase classname="tests.test_blog_seo" name="test_blog_paths_use_production_domain" time="0.107" /><testcase classname="tests.test_linkedin_oauth" name="test_oauth_status_when_unconfigured" time="0.108" /><testcase classname="tests.test_linkedin_oauth" name="test_oauth_start_returns_503_when_unconfigured" time="0.110" /><testcase classname="tests.test_linkedin_oauth" name="test_oauth_start_requires_auth" time="0.123" /><testcase classname="tests.test_linkedin_oauth" name="test_oauth_callback_rejects_missing_code" time="0.112" /><testcase classname="tests.test_linkedin_oauth" name="test_oauth_callback_rejects_bad_state" time="0.102" /><testcase classname="tests.test_linkedin_oauth" name="test_publish_to_non_linkedin_platform_unaffected" time="0.114" /><testcase classname="tests.test_scheduler" name="test_past_scheduled_at_publishes_immediately" time="0.219" /><testcase classname="tests.test_scheduler" name="test_scheduler_publishes_future_due_post" time="3.553" /><testcase classname="tests.test_scheduler" name="test_scheduler_does_not_publish_future_post" time="0.584" /><testcase classname="tests.test_scheduler" name="test_run_once_requires_admin" time="0.215" /><testcase classname="tests.test_scheduling_and_optimal" name="test_auth_me" time="0.100" /><testcase classname="tests.test_scheduling_and_optimal" name="test_publish_scheduled" time="0.049" /><testcase classname="tests.test_scheduling_and_optimal" name="test_list_scheduled_in_range" time="0.051" /><testcase classname="tests.test_scheduling_and_optimal" name="test_patch_scheduled" time="0.095" /><testcase classname="tests.test_scheduling_and_optimal" name="test_delete_scheduled" time="0.092" /><testcase classname="tests.test_scheduling_and_optimal" name="test_delete_scheduled_not_found" time="0.047" /><testcase classname="tests.test_scheduling_and_optimal" name="test_optimal_times_no_niche" time="0.046" /><testcase classname="tests.test_scheduling_and_optimal" name="test_optimal_times_with_niche" time="10.268" /><testcase classname="tests.test_scheduling_and_optimal" name="test_performance_overview_24h" time="0.050" /><testcase classname="tests.test_seo.TestSitemap" name="test_status_and_content_type" time="0.143" /><testcase classname="tests.test_seo.TestSitemap" name="test_has_urlset" time="0.119" /><testcase classname="tests.test_seo.TestSitemap" name="test_has_at_least_11_urls" time="0.000" /><testcase classname="tests.test_seo.TestSitemap" name="test_homepage_present" time="0.000" /><testcase classname="tests.test_seo.TestSitemap" name="test_landing_pages_present[ai-tiktok-post-generator]" time="0.000" /><testcase classname="tests.test_seo.TestSitemap" name="test_landing_pages_present[viral-content-ideas-generator]" time="0.000" /><testcase classname="tests.test_seo.TestSitemap" name="test_landing_pages_present[instagram-caption-ai-generator]" time="0.000" /><testcase classname="tests.test_seo.TestSitemap" name="test_landing_pages_present[short-form-video-ideas-ai]" time="0.000" /><testcase classname="tests.test_seo.TestSitemap" name="test_landing_pages_present[content-automation-tool]" time="0.000" /><testcase classname="tests.test_seo.TestSitemap" name="test_blog_index_and_posts" time="0.000" /><testcase classname="tests.test_seo.TestSitemap" name="test_agents_present" time="0.000" /><testcase classname="tests.test_seo.TestRobots" name="test_status_and_content_type" time="0.099" /><testcase classname="tests.test_seo.TestRobots" name="test_required_directives" time="0.098" /><testcase classname="tests.test_seo.TestRobots" name="test_sitemap_directive_present" time="0.000" /><testcase classname="tests.test_seo.TestStaticRobots" name="test_static_robots_served" time="0.115" /><testcase classname="tests.test_seo_v2.TestSitemapV2" name="test_total_loc_entries" time="0.108" /><testcase classname="tests.test_seo_v2.TestSitemapV2" name="test_uses_production_domain" time="0.120" /><testcase classname="tests.test_seo_v2.TestSitemapV2" name="test_has_image_namespace_and_entries" time="0.127" /><testcase classname="tests.test_seo_v2.TestSitemapV2" name="test_pricing_present" time="0.112" /><testcase classname="tests.test_seo_v2.TestSitemapV2" name="test_all_32_programmatic_combos_present" time="0.113" /><testcase classname="tests.test_seo_v2.TestSitemapV2" name="test_core_marketing_still_present" time="0.109" /><testcase classname="tests.test_seo_v2.TestRobotsV2" name="test_has_both_sitemap_directives" time="0.129" /><testcase classname="tests.test_seo_v2.TestRobotsV2" name="test_status_200" time="0.100" /><testcase classname="tests.test_seo_v3.TestVideoSitemap" name="test_video_namespace_present" time="0.115" /><testcase classname="tests.test_seo_v3.TestVideoSitemap" name="test_no_video_blocks_when_registry_empty" time="0.341" /><testcase classname="tests.test_seo_v3.TestVideoSitemap" name="test_video_block_renders_when_registered" time="0.000" /><testcase classname="tests.test_seo_v3.TestLegalAndSitemapIndexedRoutes" name="test_privacy_terms_sitemap_present" time="0.105" /><testcase classname="tests.test_seo_v3.TestLegalAndSitemapIndexedRoutes" name="test_well_formed_xml_count" time="0.122" /></testsuite></testsuites>