<?xml version="1.0" encoding="utf-8"?><testsuites name="pytest tests"><testsuite name="pytest" errors="0" failures="0" skipped="0" tests="15" time="2.720" timestamp="2026-05-24T18:41:05.059510+00:00" hostname="agent-env-3c0851b0-987a-4f43-ac36-41d5f407d574"><testcase classname="backend.tests.test_seo.TestSitemap" name="test_status_and_content_type" time="2.144" /><testcase classname="backend.tests.test_seo.TestSitemap" name="test_has_urlset" time="0.111" /><testcase classname="backend.tests.test_seo.TestSitemap" name="test_has_at_least_11_urls" time="0.000" /><testcase classname="backend.tests.test_seo.TestSitemap" name="test_homepage_present" time="0.000" /><testcase classname="backend.tests.test_seo.TestSitemap" name="test_landing_pages_present[ai-tiktok-post-generator]" time="0.000" /><testcase classname="backend.tests.test_seo.TestSitemap" name="test_landing_pages_present[viral-content-ideas-generator]" time="0.000" /><testcase classname="backend.tests.test_seo.TestSitemap" name="test_landing_pages_present[instagram-caption-ai-generator]" time="0.000" /><testcase classname="backend.tests.test_seo.TestSitemap" name="test_landing_pages_present[short-form-video-ideas-ai]" time="0.000" /><testcase classname="backend.tests.test_seo.TestSitemap" name="test_landing_pages_present[content-automation-tool]" time="0.000" /><testcase classname="backend.tests.test_seo.TestSitemap" name="test_blog_index_and_posts" time="0.000" /><testcase classname="backend.tests.test_seo.TestSitemap" name="test_agents_present" time="0.000" /><testcase classname="backend.tests.test_seo.TestRobots" name="test_status_and_content_type" time="0.097" /><testcase classname="backend.tests.test_seo.TestRobots" name="test_required_directives" time="0.130" /><testcase classname="backend.tests.test_seo.TestRobots" name="test_sitemap_directive_present" time="0.000" /><testcase classname="backend.tests.test_seo.TestStaticRobots" name="test_static_robots_served" time="0.159" /></testsuite></testsuites>