<?xml version="1.0" encoding="utf-8"?><testsuites name="pytest tests"><testsuite name="pytest" errors="0" failures="0" skipped="0" tests="9" time="1.780" timestamp="2026-05-31T00:25:34.623358+00:00" hostname="agent-env-3c0851b0-987a-4f43-ac36-41d5f407d574"><testcase classname="backend.tests.test_user_preferences.TestGetPreferences" name="test_default_when_unset" time="0.260" /><testcase classname="backend.tests.test_user_preferences.TestGetPreferences" name="test_requires_auth" time="0.142" /><testcase classname="backend.tests.test_user_preferences.TestPutPreferences" name="test_put_resume_last_persists" time="0.292" /><testcase classname="backend.tests.test_user_preferences.TestPutPreferences" name="test_put_back_to_fresh" time="0.267" /><testcase classname="backend.tests.test_user_preferences.TestPutPreferences" name="test_invalid_value_returns_422" time="0.121" /><testcase classname="backend.tests.test_user_preferences.TestPutPreferences" name="test_unknown_key_returns_422" time="0.106" /><testcase classname="backend.tests.test_user_preferences.TestPutPreferences" name="test_empty_body_returns_400" time="0.152" /><testcase classname="backend.tests.test_user_preferences.TestPutPreferences" name="test_requires_auth" time="0.106" /><testcase classname="backend.tests.test_user_preferences.TestDefaultsMerge" name="test_saved_value_is_returned_merged_with_defaults" time="0.249" /></testsuite></testsuites>