<?xml version="1.0" encoding="utf-8"?><testsuites name="pytest tests"><testsuite name="pytest" errors="0" failures="0" skipped="0" tests="2" time="5.757" timestamp="2026-07-02T17:41:27.861324+00:00" hostname="agent-env-3c0851b0-987a-4f43-ac36-41d5f407d574"><testcase classname="tests.test_wordpress_rate_limit_api.TestWordPressRateLimitLive" name="test_per_host_15min_cap_returns_429_with_host_in_detail" time="1.265" /><testcase classname="tests.test_wordpress_rate_limit_api.TestWordPressRateLimitLive" name="test_per_user_hourly_cap_returns_429_mentions_hour" time="4.468" /></testsuite></testsuites>