<?xml version="1.0" encoding="utf-8"?><testsuites name="pytest tests"><testsuite name="pytest" errors="0" failures="0" skipped="0" tests="13" time="0.399" timestamp="2026-07-02T17:26:09.827909+00:00" hostname="agent-env-3c0851b0-987a-4f43-ac36-41d5f407d574"><testcase classname="tests.test_wordpress_selfhosted" name="test_encrypt_decrypt_round_trip" time="0.001" /><testcase classname="tests.test_wordpress_selfhosted" name="test_encrypt_produces_unique_ciphertext_per_call" time="0.000" /><testcase classname="tests.test_wordpress_selfhosted" name="test_normalize_site_url_strips_trailing_slash" time="0.000" /><testcase classname="tests.test_wordpress_selfhosted" name="test_normalize_site_url_refuses_http" time="0.000" /><testcase classname="tests.test_wordpress_selfhosted" name="test_normalize_site_url_refuses_empty" time="0.000" /><testcase classname="tests.test_wordpress_selfhosted" name="test_wp_verify_401_returns_400_with_credentials_hint" time="0.022" /><testcase classname="tests.test_wordpress_selfhosted" name="test_wp_verify_404_returns_rest_api_error" time="0.020" /><testcase classname="tests.test_wordpress_selfhosted" name="test_wp_verify_500_returns_502" time="0.021" /><testcase classname="tests.test_wordpress_selfhosted" name="test_wp_verify_success_returns_user" time="0.023" /><testcase classname="tests.test_wordpress_selfhosted" name="test_wp_verify_rejects_subscriber_role" time="0.020" /><testcase classname="tests.test_wordpress_selfhosted" name="test_publish_to_wordpress_returns_ok_false_when_no_channel" time="0.001" /><testcase classname="tests.test_wordpress_selfhosted" name="test_publish_to_wordpress_success_path" time="0.023" /><testcase classname="tests.test_wordpress_selfhosted" name="test_publish_to_wordpress_wordpress_rejects" time="0.023" /></testsuite></testsuites>