<?xml version="1.0" encoding="utf-8"?><testsuites name="pytest tests"><testsuite name="pytest" errors="0" failures="0" skipped="0" tests="27" time="3.039" timestamp="2026-07-02T17:39:51.373843+00:00" hostname="agent-env-3c0851b0-987a-4f43-ac36-41d5f407d574"><testcase classname="tests.test_wordpress_selfhosted" name="test_encrypt_decrypt_round_trip" time="0.001" /><testcase classname="tests.test_wordpress_selfhosted" name="test_encrypt_produces_unique_ciphertext_per_call" time="0.000" /><testcase classname="tests.test_wordpress_selfhosted" name="test_normalize_site_url_strips_trailing_slash" time="0.000" /><testcase classname="tests.test_wordpress_selfhosted" name="test_normalize_site_url_refuses_http" time="0.000" /><testcase classname="tests.test_wordpress_selfhosted" name="test_normalize_site_url_refuses_empty" time="0.000" /><testcase classname="tests.test_wordpress_selfhosted" name="test_wp_verify_401_on_base_probe_returns_400_with_credentials_hint" time="0.022" /><testcase classname="tests.test_wordpress_selfhosted" name="test_wp_verify_404_returns_rest_api_error" time="0.020" /><testcase classname="tests.test_wordpress_selfhosted" name="test_wp_verify_500_returns_502" time="0.020" /><testcase classname="tests.test_wordpress_selfhosted" name="test_wp_verify_success_reads_roles_from_edit_context" time="0.039" /><testcase classname="tests.test_wordpress_selfhosted" name="test_wp_verify_rejects_subscriber_when_roles_visible" time="0.039" /><testcase classname="tests.test_wordpress_selfhosted" name="test_wp_verify_hardened_wp_accepts_with_roles_unknown_flag" time="0.039" /><testcase classname="tests.test_wordpress_selfhosted" name="test_wp_verify_uses_base_roles_when_present_and_skips_edit_probe" time="0.020" /><testcase classname="tests.test_wordpress_selfhosted" name="test_rate_limit_allows_under_hourly_cap" time="0.000" /><testcase classname="tests.test_wordpress_selfhosted" name="test_rate_limit_blocks_over_hourly_cap" time="0.000" /><testcase classname="tests.test_wordpress_selfhosted" name="test_rate_limit_per_host_15min_cap" time="0.000" /><testcase classname="tests.test_wordpress_selfhosted" name="test_rate_limit_isolates_users" time="0.000" /><testcase classname="tests.test_wordpress_selfhosted" name="test_publish_to_wordpress_returns_ok_false_when_no_channel" time="0.001" /><testcase classname="tests.test_wordpress_selfhosted" name="test_publish_to_wordpress_success_path" time="0.022" /><testcase classname="tests.test_wordpress_selfhosted" name="test_publish_to_wordpress_wordpress_rejects" time="0.022" /><testcase classname="tests.test_wordpress_api.TestWordPressAuth" name="test_test_endpoint_requires_auth" time="0.458" /><testcase classname="tests.test_wordpress_api.TestWordPressAuth" name="test_connect_endpoint_requires_auth" time="0.316" /><testcase classname="tests.test_wordpress_api.TestWordPressAuth" name="test_status_endpoint_requires_auth" time="0.432" /><testcase classname="tests.test_wordpress_api.TestWordPressValidation" name="test_test_bogus_domain_returns_400_not_500" time="0.322" /><testcase classname="tests.test_wordpress_api.TestWordPressValidation" name="test_connect_http_site_url_returns_400" time="0.250" /><testcase classname="tests.test_wordpress_api.TestWordPressValidation" name="test_test_http_site_url_returns_400" time="0.244" /><testcase classname="tests.test_wordpress_api.TestWordPressStatusAndChannels" name="test_status_without_channel_returns_disconnected" time="0.236" /><testcase classname="tests.test_wordpress_api.TestWordPressStatusAndChannels" name="test_channels_list_includes_site_url_field_on_wp_row" time="0.265" /></testsuite></testsuites>