<?xml version="1.0" encoding="utf-8"?><testsuites name="pytest tests"><testsuite name="pytest" errors="0" failures="0" skipped="0" tests="8" time="2.459" timestamp="2026-07-02T17:26:48.701545+00:00" hostname="agent-env-3c0851b0-987a-4f43-ac36-41d5f407d574"><testcase classname="tests.test_wordpress_api.TestWordPressAuth" name="test_test_endpoint_requires_auth" time="0.467" /><testcase classname="tests.test_wordpress_api.TestWordPressAuth" name="test_connect_endpoint_requires_auth" time="0.305" /><testcase classname="tests.test_wordpress_api.TestWordPressAuth" name="test_status_endpoint_requires_auth" time="0.323" /><testcase classname="tests.test_wordpress_api.TestWordPressValidation" name="test_test_bogus_domain_returns_400_not_500" time="0.336" /><testcase classname="tests.test_wordpress_api.TestWordPressValidation" name="test_connect_http_site_url_returns_400" time="0.245" /><testcase classname="tests.test_wordpress_api.TestWordPressValidation" name="test_test_http_site_url_returns_400" time="0.255" /><testcase classname="tests.test_wordpress_api.TestWordPressStatusAndChannels" name="test_status_without_channel_returns_disconnected" time="0.245" /><testcase classname="tests.test_wordpress_api.TestWordPressStatusAndChannels" name="test_channels_list_includes_site_url_field_on_wp_row" time="0.246" /></testsuite></testsuites>